|--- feature_3 <= 0.50
|   |--- feature_23 <= 58.62
|   |   |--- feature_29 <= 1.50
|   |   |   |--- class: 0.0
|   |   |--- feature_29 >  1.50
|   |   |   |--- class: 1.0
|   |--- feature_23 >  58.62
|   |   |--- feature_21 <= 0.47
|   |   |   |--- class: 1.0
|   |   |--- feature_21 >  0.47
|   |   |   |--- class: 1.0
|--- feature_3 >  0.50
|   |--- feature_17 <= 0.10
|   |   |--- feature_12 <= 130.27
|   |   |   |--- class: 0.0
|   |   |--- feature_12 >  130.27
|   |   |   |--- class: 0.0
|   |--- feature_17 >  0.10
|   |   |--- feature_27 <= 0.17
|   |   |   |--- class: 1.0
|   |   |--- feature_27 >  0.17
|   |   |   |--- class: 0.0
