|--- feature_3 <= 0.50
|   |--- feature_23 <= 58.62
|   |   |--- feature_29 <= 1.50
|   |   |   |--- value: [0.20]
|   |   |--- feature_29 >  1.50
|   |   |   |--- value: [0.57]
|   |--- feature_23 >  58.62
|   |   |--- feature_21 <= 0.47
|   |   |   |--- value: [0.54]
|   |   |--- feature_21 >  0.47
|   |   |   |--- value: [0.87]
|--- feature_3 >  0.50
|   |--- feature_17 <= 0.10
|   |   |--- feature_12 <= 130.27
|   |   |   |--- value: [0.05]
|   |   |--- feature_12 >  130.27
|   |   |   |--- value: [0.26]
|   |--- feature_17 >  0.10
|   |   |--- feature_27 <= 0.17
|   |   |   |--- value: [0.57]
|   |   |--- feature_27 >  0.17
|   |   |   |--- value: [0.24]
